<?xml version="1.0" encoding="UTF-8"?>
<testsuite xmlns:xsi="http://www.w3.org/2001/XMLSchema-instance" xsi:noNamespaceSchemaLocation="https://maven.apache.org/surefire/maven-surefire-plugin/xsd/surefire-test-report-3.0.xsd" version="3.0" name="com.emoney.cpet.emx.SecurityConfigNestedAllTest" time="0.001" tests="1" errors="0" skipped="0" failures="0">
  <properties>
    <property name="java.specification.version" value="17"/>
    <property name="sun.jnu.encoding" value="UTF-8"/>
    <property name="java.class.path" value="/Users/fjabbari/REPO_FRED_CPETPOC2G/CPET-POC002/target/test-classes:/Users/fjabbari/REPO_FRED_CPETPOC2G/CPET-POC002/target/classes:/Users/fjabbari/.m2/repository/junit/junit/4.8/junit-4.8.jar:/Users/fjabbari/.m2/repository/com/googlecode/json-simple/json-simple/1.1/json-simple-1.1.jar:/Users/fjabbari/.m2/repository/javax/javaee-api/7.0/javaee-api-7.0.jar:/Users/fjabbari/.m2/repository/com/sun/mail/javax.mail/1.5.0/javax.mail-1.5.0.jar:/Users/fjabbari/.m2/repository/javax/activation/activation/1.1/activation-1.1.jar:/Users/fjabbari/.m2/repository/com/google/code/gson/gson/2.10.1/gson-2.10.1.jar:"/>
    <property name="java.vm.vendor" value="Eclipse Adoptium"/>
    <property name="sun.arch.data.model" value="64"/>
    <property name="java.vendor.url" value="https://adoptium.net/"/>
    <property name="os.name" value="Mac OS X"/>
    <property name="java.vm.specification.version" value="17"/>
    <property name="sun.java.launcher" value="SUN_STANDARD"/>
    <property name="user.country" value="US"/>
    <property name="sun.boot.library.path" value="/Users/fjabbari/.sdkman/candidates/java/17.0.7-tem/lib"/>
    <property name="sun.java.command" value="/Users/fjabbari/REPO_FRED_CPETPOC2G/CPET-POC002/target/surefire/surefirebooter9979758633761439302.jar /Users/fjabbari/REPO_FRED_CPETPOC2G/CPET-POC002/target/surefire 2024-03-21T22-28-47_974-jvmRun1 surefire17551437683378668489tmp surefire_012975558190654610629tmp"/>
    <property name="http.nonProxyHosts" value="local|*.local|169.254/16|*.169.254/16"/>
    <property name="jdk.debug" value="release"/>
    <property name="surefire.test.class.path" value="/Users/fjabbari/REPO_FRED_CPETPOC2G/CPET-POC002/target/test-classes:/Users/fjabbari/REPO_FRED_CPETPOC2G/CPET-POC002/target/classes:/Users/fjabbari/.m2/repository/junit/junit/4.8/junit-4.8.jar:/Users/fjabbari/.m2/repository/com/googlecode/json-simple/json-simple/1.1/json-simple-1.1.jar:/Users/fjabbari/.m2/repository/javax/javaee-api/7.0/javaee-api-7.0.jar:/Users/fjabbari/.m2/repository/com/sun/mail/javax.mail/1.5.0/javax.mail-1.5.0.jar:/Users/fjabbari/.m2/repository/javax/activation/activation/1.1/activation-1.1.jar:/Users/fjabbari/.m2/repository/com/google/code/gson/gson/2.10.1/gson-2.10.1.jar:"/>
    <property name="sun.cpu.endian" value="little"/>
    <property name="user.home" value="/Users/fjabbari"/>
    <property name="user.language" value="en"/>
    <property name="java.specification.vendor" value="Oracle Corporation"/>
    <property name="java.version.date" value="2023-04-18"/>
    <property name="java.home" value="/Users/fjabbari/.sdkman/candidates/java/17.0.7-tem"/>
    <property name="file.separator" value="/"/>
    <property name="basedir" value="/Users/fjabbari/REPO_FRED_CPETPOC2G/CPET-POC002"/>
    <property name="java.vm.compressedOopsMode" value="Zero based"/>
    <property name="line.separator" value="&#10;"/>
    <property name="java.specification.name" value="Java Platform API Specification"/>
    <property name="java.vm.specification.vendor" value="Oracle Corporation"/>
    <property name="surefire.real.class.path" value="/Users/fjabbari/REPO_FRED_CPETPOC2G/CPET-POC002/target/surefire/surefirebooter9979758633761439302.jar"/>
    <property name="sun.management.compiler" value="HotSpot 64-Bit Tiered Compilers"/>
    <property name="ftp.nonProxyHosts" value="local|*.local|169.254/16|*.169.254/16"/>
    <property name="java.runtime.version" value="17.0.7+7"/>
    <property name="user.name" value="fjabbari"/>
    <property name="path.separator" value=":"/>
    <property name="os.version" value="13.4.1"/>
    <property name="java.runtime.name" value="OpenJDK Runtime Environment"/>
    <property name="file.encoding" value="UTF-8"/>
    <property name="java.vm.name" value="OpenJDK 64-Bit Server VM"/>
    <property name="java.vendor.version" value="Temurin-17.0.7+7"/>
    <property name="localRepository" value="/Users/fjabbari/.m2/repository"/>
    <property name="java.vendor.url.bug" value="https://github.com/adoptium/adoptium-support/issues"/>
    <property name="java.io.tmpdir" value="/var/folders/3l/63_2rn6521vc69hfv0znp51h0000gn/T/"/>
    <property name="java.version" value="17.0.7"/>
    <property name="user.dir" value="/Users/fjabbari/REPO_FRED_CPETPOC2G/CPET-POC002"/>
    <property name="os.arch" value="aarch64"/>
    <property name="java.vm.specification.name" value="Java Virtual Machine Specification"/>
    <property name="native.encoding" value="UTF-8"/>
    <property name="java.library.path" value="/Users/fjabbari/Library/Java/Extensions:/Library/Java/Extensions:/Network/Library/Java/Extensions:/System/Library/Java/Extensions:/usr/lib/java:."/>
    <property name="java.vm.info" value="mixed mode"/>
    <property name="java.vendor" value="Eclipse Adoptium"/>
    <property name="java.vm.version" value="17.0.7+7"/>
    <property name="sun.io.unicode.encoding" value="UnicodeBig"/>
    <property name="socksNonProxyHosts" value="local|*.local|169.254/16|*.169.254/16"/>
    <property name="java.class.version" value="61.0"/>
  </properties>
  <testcase name="test" classname="com.emoney.cpet.emx.SecurityConfigNestedAllTest" time="0">
    <system-out><![CDATA[===> Logic for this component was executed com.emoney.cpet.emx.SystemConfig
]]></system-out>
  </testcase>
</testsuite>